{
  "stats": {
    "suites": 10,
    "tests": 19,
    "passes": 19,
    "pending": 0,
    "failures": 0,
    "testsRegistered": 19,
    "passPercent": 100,
    "pendingPercent": 0,
    "other": 0,
    "hasOther": false,
    "skipped": 0,
    "hasSkipped": false,
    "start": "2023-03-20T12:43:33.955Z",
    "end": "2023-03-20T12:48:30.580Z",
    "duration": 296625
  },
  "results": [
    {
      "uuid": "581971c7-ac82-4507-a366-7196cec7b052",
      "title": "",
      "fullFile": "cypress/e2e/comments.cy.js",
      "file": "cypress/e2e/comments.cy.js",
      "beforeHooks": [],
      "afterHooks": [],
      "tests": [],
      "suites": [
        {
          "uuid": "eae79f29-6f6f-48c5-a7d7-e0338a6b37fd",
          "title": "Comments tests",
          "fullFile": "",
          "file": "",
          "beforeHooks": [],
          "afterHooks": [],
          "tests": [
            {
              "title": "can add a comment to the article",
              "fullTitle": "Comments tests can add a comment to the article",
              "timedOut": null,
              "duration": 16551,
              "state": "passed",
              "speed": "slow",
              "pass": true,
              "fail": false,
              "pending": false,
              "context": null,
              "code": "cy.intercept(\"POST\", `${Cypress.env(\"apiUrl\")}/articles/${createdArticleSlug}/comments`).as(\"addComment\");\n_navigation.navigation.gotoUserProfile();\n_feedPage.feedPage.getArticlesList.should(\"be.visible\");\n_feedPage.feedPage.getArticleItem(0);\n_articlePage.articlePage.postComment(_constants.constants.postComment);\ncy.wait(\"@addComment\").then(interception => {\n  expect(interception.response.statusCode).to.eq(200);\n});",
              "err": {},
              "uuid": "564f5559-1949-4480-814c-5ade8db18085",
              "parentUUID": "eae79f29-6f6f-48c5-a7d7-e0338a6b37fd",
              "isHook": false,
              "skipped": false
            },
            {
              "title": "can delete a comment",
              "fullTitle": "Comments tests can delete a comment",
              "timedOut": null,
              "duration": 9204,
              "state": "passed",
              "speed": "medium",
              "pass": true,
              "fail": false,
              "pending": false,
              "context": null,
              "code": "cy.loginViaUi();\ncy.intercept(\"DELETE\", `${Cypress.env(\"apiUrl\")}/articles/${createdArticleSlug}/comments/*`).as(\"deleteComment\");\n_navigation.navigation.gotoUserProfile();\n_feedPage.feedPage.getArticlesList.should(\"be.visible\");\n_feedPage.feedPage.getArticleItem(0);\n_articlePage.articlePage.deleteComment();\ncy.wait(\"@deleteComment\").then(interception => {\n  expect(interception.response.statusCode).to.eq(200);\n});",
              "err": {},
              "uuid": "198e3a6b-0b24-43d5-81df-3c5dd2ddec85",
              "parentUUID": "eae79f29-6f6f-48c5-a7d7-e0338a6b37fd",
              "isHook": false,
              "skipped": false
            }
          ],
          "suites": [],
          "passes": [
            "564f5559-1949-4480-814c-5ade8db18085",
            "198e3a6b-0b24-43d5-81df-3c5dd2ddec85"
          ],
          "failures": [],
          "pending": [],
          "skipped": [],
          "duration": 25755,
          "root": false,
          "rootEmpty": false,
          "_timeout": 2000
        }
      ],
      "passes": [],
      "failures": [],
      "pending": [],
      "skipped": [],
      "duration": 0,
      "root": true,
      "rootEmpty": true,
      "_timeout": 2000
    },
    {
      "uuid": "e8425de4-9e69-4244-9a72-0c27a27ed5db",
      "title": "",
      "fullFile": "cypress/e2e/deleteArticle.cy.js",
      "file": "cypress/e2e/deleteArticle.cy.js",
      "beforeHooks": [],
      "afterHooks": [],
      "tests": [],
      "suites": [
        {
          "uuid": "1f8926e3-24a6-4239-b7e8-e9431c9e3168",
          "title": "Publish article tests",
          "fullFile": "",
          "file": "",
          "beforeHooks": [],
          "afterHooks": [],
          "tests": [
            {
              "title": "can delete an article",
              "fullTitle": "Publish article tests can delete an article",
              "timedOut": null,
              "duration": 14303,
              "state": "passed",
              "speed": "slow",
              "pass": true,
              "fail": false,
              "pending": false,
              "context": null,
              "code": "cy.intercept(\"DELETE\", `${Cypress.env(\"apiUrl\")}/articles/${createdArticleSlug}`).as(\"deleteArticle\");\n_navigation.navigation.gotoUserProfile();\n_feedPage.feedPage.getArticlesList.should(\"be.visible\");\n_feedPage.feedPage.getArticleItem(0).click();\n_articlePage.articlePage.deleteArticle();\ncy.wait(\"@deleteArticle\").then(interception => {\n  expect(interception.response.statusCode).to.eq(204);\n});",
              "err": {},
              "uuid": "304b55f6-a814-4cd3-96b8-64b8dd238d26",
              "parentUUID": "1f8926e3-24a6-4239-b7e8-e9431c9e3168",
              "isHook": false,
              "skipped": false
            }
          ],
          "suites": [],
          "passes": [
            "304b55f6-a814-4cd3-96b8-64b8dd238d26"
          ],
          "failures": [],
          "pending": [],
          "skipped": [],
          "duration": 14303,
          "root": false,
          "rootEmpty": false,
          "_timeout": 2000
        }
      ],
      "passes": [],
      "failures": [],
      "pending": [],
      "skipped": [],
      "duration": 0,
      "root": true,
      "rootEmpty": true,
      "_timeout": 2000
    },
    {
      "uuid": "7ac7e736-3099-4aec-90a9-68e39dfe4296",
      "title": "",
      "fullFile": "cypress/e2e/deleteComment.cy.js",
      "file": "cypress/e2e/deleteComment.cy.js",
      "beforeHooks": [],
      "afterHooks": [],
      "tests": [],
      "suites": [
        {
          "uuid": "7b7d8a74-58ca-4d95-8b5c-25fbe8281be3",
          "title": "Publish article tests",
          "fullFile": "",
          "file": "",
          "beforeHooks": [],
          "afterHooks": [],
          "tests": [
            {
              "title": "can delete a comment",
              "fullTitle": "Publish article tests can delete a comment",
              "timedOut": null,
              "duration": 15705,
              "state": "passed",
              "speed": "slow",
              "pass": true,
              "fail": false,
              "pending": false,
              "context": null,
              "code": "//cy.loginViaUi();\ncy.intercept(\"DELETE\", `${Cypress.env(\"apiUrl\")}/articles/*/comments/*`).as(\"deleteComment\");\n_navigation.navigation.gotoUserProfile();\n_feedPage.feedPage.getArticlesList.should(\"be.visible\");\n_feedPage.feedPage.getArticleItem(0);\n_articlePage.articlePage.deleteComment();\ncy.wait(\"@deleteComment\").then(interception => {\n  expect(interception.response.statusCode).to.eq(200);\n});",
              "err": {},
              "uuid": "ef7ae516-c1ec-41a7-91ea-996e2eda56af",
              "parentUUID": "7b7d8a74-58ca-4d95-8b5c-25fbe8281be3",
              "isHook": false,
              "skipped": false
            }
          ],
          "suites": [],
          "passes": [
            "ef7ae516-c1ec-41a7-91ea-996e2eda56af"
          ],
          "failures": [],
          "pending": [],
          "skipped": [],
          "duration": 15705,
          "root": false,
          "rootEmpty": false,
          "_timeout": 2000
        }
      ],
      "passes": [],
      "failures": [],
      "pending": [],
      "skipped": [],
      "duration": 0,
      "root": true,
      "rootEmpty": true,
      "_timeout": 2000
    },
    {
      "uuid": "a05392bb-6f20-4c40-b2d7-1fa0481b03ac",
      "title": "",
      "fullFile": "cypress/e2e/editArticle.cy.js",
      "file": "cypress/e2e/editArticle.cy.js",
      "beforeHooks": [],
      "afterHooks": [],
      "tests": [],
      "suites": [
        {
          "uuid": "b5166672-caeb-4f6d-8be8-31ceb1b8a9b4",
          "title": "Edit article tests",
          "fullFile": "",
          "file": "",
          "beforeHooks": [],
          "afterHooks": [],
          "tests": [
            {
              "title": "can edit an article with new description",
              "fullTitle": "Edit article tests can edit an article with new description",
              "timedOut": null,
              "duration": 17838,
              "state": "passed",
              "speed": "slow",
              "pass": true,
              "fail": false,
              "pending": false,
              "context": null,
              "code": "cy.intercept(\"PUT\", `${Cypress.env(\"apiUrl\")}/articles/*`).as(\"editArticle\");\n_navigation.navigation.gotoUserProfile();\n_feedPage.feedPage.getArticlesList.should(\"be.visible\");\n_feedPage.feedPage.getArticleItem(0);\n_articlePage.articlePage.startEditArticle();\n_publish.publish.editArticleDescription(postDescription);\n_publish.publish.submitArticle();\ncy.wait(\"@editArticle\").then(interception => {\n  expect(interception.response.statusCode).to.eq(200);\n  expect(interception.response.body.article.description).to.eq(postDescription);\n});",
              "err": {},
              "uuid": "b7f5b193-a5b4-4acc-905c-597e40a2cfe0",
              "parentUUID": "b5166672-caeb-4f6d-8be8-31ceb1b8a9b4",
              "isHook": false,
              "skipped": false
            }
          ],
          "suites": [],
          "passes": [
            "b7f5b193-a5b4-4acc-905c-597e40a2cfe0"
          ],
          "failures": [],
          "pending": [],
          "skipped": [],
          "duration": 17838,
          "root": false,
          "rootEmpty": false,
          "_timeout": 2000
        }
      ],
      "passes": [],
      "failures": [],
      "pending": [],
      "skipped": [],
      "duration": 0,
      "root": true,
      "rootEmpty": true,
      "_timeout": 2000
    },
    {
      "uuid": "3533ff9a-03df-4a16-ae91-ea37c091ca77",
      "title": "",
      "fullFile": "cypress/e2e/login.cy.js",
      "file": "cypress/e2e/login.cy.js",
      "beforeHooks": [],
      "afterHooks": [],
      "tests": [],
      "suites": [
        {
          "uuid": "00be3838-e70f-4af5-9aed-d147dfec95d4",
          "title": "Login page",
          "fullFile": "",
          "file": "",
          "beforeHooks": [],
          "afterHooks": [],
          "tests": [
            {
              "title": "should login with valid credentials",
              "fullTitle": "Login page should login with valid credentials",
              "timedOut": null,
              "duration": 5686,
              "state": "passed",
              "speed": "medium",
              "pass": true,
              "fail": false,
              "pending": false,
              "context": null,
              "code": "cy.intercept(\"POST\", `${Cypress.env(\"apiUrl\")}/users/login`).as(\"loginData\");\n_loginPage.loginPage.login(Cypress.env(\"validEmail\"), Cypress.env(\"validPassword\"));\ncy.wait(\"@loginData\").then(interception => {\n  expect(interception.response.statusCode).to.eq(200);\n  expect(interception.response.body.user.token).to.exist;\n  _navigation.navigation.signInBtn.should(\"not.exist\");\n  _navigation.navigation.userProfileBtn.should(\"be.visible\");\n});",
              "err": {},
              "uuid": "c10afa50-7c0d-4033-b051-d762c585b2b7",
              "parentUUID": "00be3838-e70f-4af5-9aed-d147dfec95d4",
              "isHook": false,
              "skipped": false
            },
            {
              "title": "should show error message when login with non-existing email",
              "fullTitle": "Login page should show error message when login with non-existing email",
              "timedOut": null,
              "duration": 2254,
              "state": "passed",
              "speed": "fast",
              "pass": true,
              "fail": false,
              "pending": false,
              "context": null,
              "code": "cy.intercept(\"POST\", `${Cypress.env(\"apiUrl\")}/users/login`).as(\"loginData\");\n_loginPage.loginPage.login(_constants.constants.randomUserEmail, Cypress.env(\"validPassword\"));\ncy.wait(\"@loginData\").then(interception => {\n  expect(interception.response.statusCode).to.eq(403);\n  expect(interception.response.body.user).to.be.undefined;\n  _navigation.navigation.signInBtn.should(\"exist\");\n  cy.url().should(\"contain\", \"/login\");\n  _loginPage.loginPage.errorMessage.should(\"be.visible\").and(\"have.text\", \" email or password is invalid \").and(\"have.css\", \"color\", \"rgb(184, 92, 92)\");\n  _navigation.navigation.userProfileBtn.should(\"not.exist\");\n});",
              "err": {},
              "uuid": "c43854d5-d913-4a88-9b7d-e93004d04918",
              "parentUUID": "00be3838-e70f-4af5-9aed-d147dfec95d4",
              "isHook": false,
              "skipped": false
            },
            {
              "title": "should show error message when login with valid email and incorrect password",
              "fullTitle": "Login page should show error message when login with valid email and incorrect password",
              "timedOut": null,
              "duration": 2431,
              "state": "passed",
              "speed": "fast",
              "pass": true,
              "fail": false,
              "pending": false,
              "context": null,
              "code": "cy.intercept(\"POST\", `${Cypress.env(\"apiUrl\")}/users/login`).as(\"loginData\");\n_loginPage.loginPage.login(Cypress.env(\"validEmail\"), _constants.constants.randomUserPassword);\ncy.wait(\"@loginData\").then(interception => {\n  expect(interception.response.statusCode).to.eq(403);\n  expect(interception.response.body.user).to.be.undefined;\n  _navigation.navigation.signInBtn.should(\"exist\");\n  cy.url().should(\"contain\", \"/login\");\n  _loginPage.loginPage.errorMessage.should(\"be.visible\").and(\"have.text\", \" email or password is invalid \").and(\"have.css\", \"color\", \"rgb(184, 92, 92)\");\n  _navigation.navigation.userProfileBtn.should(\"not.exist\");\n});",
              "err": {},
              "uuid": "663f5c0f-e2d1-4575-90a8-055060919e9f",
              "parentUUID": "00be3838-e70f-4af5-9aed-d147dfec95d4",
              "isHook": false,
              "skipped": false
            },
            {
              "title": "should show error message when login with wrong format email and valid password",
              "fullTitle": "Login page should show error message when login with wrong format email and valid password",
              "timedOut": null,
              "duration": 4849,
              "state": "passed",
              "speed": "fast",
              "pass": true,
              "fail": false,
              "pending": false,
              "context": null,
              "code": "cy.intercept(\"POST\", `${Cypress.env(\"apiUrl\")}/users/login`).as(\"loginData\");\n_loginPage.loginPage.login(_constants.constants.wrongFormatEmail, Cypress.env(\"validPassword\"));\ncy.wait(\"@loginData\").then(interception => {\n  expect(interception.response.statusCode).to.eq(403);\n  expect(interception.response.body.user).to.be.undefined;\n  _navigation.navigation.signInBtn.should(\"exist\");\n  cy.url().should(\"contain\", \"/login\");\n  _loginPage.loginPage.errorMessage.should(\"be.visible\").and(\"have.text\", \" email or password is invalid \").and(\"have.css\", \"color\", \"rgb(184, 92, 92)\");\n  _navigation.navigation.userProfileBtn.should(\"not.exist\");\n});",
              "err": {},
              "uuid": "f8dc024a-7e1a-458e-94dd-be308afaa0ab",
              "parentUUID": "00be3838-e70f-4af5-9aed-d147dfec95d4",
              "isHook": false,
              "skipped": false
            }
          ],
          "suites": [],
          "passes": [
            "c10afa50-7c0d-4033-b051-d762c585b2b7",
            "c43854d5-d913-4a88-9b7d-e93004d04918",
            "663f5c0f-e2d1-4575-90a8-055060919e9f",
            "f8dc024a-7e1a-458e-94dd-be308afaa0ab"
          ],
          "failures": [],
          "pending": [],
          "skipped": [],
          "duration": 15220,
          "root": false,
          "rootEmpty": false,
          "_timeout": 2000
        }
      ],
      "passes": [],
      "failures": [],
      "pending": [],
      "skipped": [],
      "duration": 0,
      "root": true,
      "rootEmpty": true,
      "_timeout": 2000
    },
    {
      "uuid": "d1fc2c08-8ee9-4d4f-9a58-0294cc40a7f4",
      "title": "",
      "fullFile": "cypress/e2e/logout.cy.js",
      "file": "cypress/e2e/logout.cy.js",
      "beforeHooks": [],
      "afterHooks": [],
      "tests": [],
      "suites": [
        {
          "uuid": "4abd52e3-9876-4a86-ae35-0e256f8dc491",
          "title": "Publish article tests",
          "fullFile": "",
          "file": "",
          "beforeHooks": [],
          "afterHooks": [],
          "tests": [
            {
              "title": "can logout",
              "fullTitle": "Publish article tests can logout",
              "timedOut": null,
              "duration": 7264,
              "state": "passed",
              "speed": "medium",
              "pass": true,
              "fail": false,
              "pending": false,
              "context": null,
              "code": "cy.intercept(\"GET\", `${Cypress.env(\"apiUrl\")}/*`).as(\"logoutData\");\n_navigation.navigation.gotoUserProfile();\n_feedPage.feedPage.editProfile();\n_profilePage.profilePage.logout();\ncy.wait(\"@logoutData\").then(interception => {\n  expect(interception.response.statusCode).to.eq(200);\n  _navigation.navigation.signInBtn.should(\"exist\");\n  _navigation.navigation.userProfileBtn.should(\"not.exist\");\n});",
              "err": {},
              "uuid": "a8ba0093-3754-47b9-9bb0-700809dcf11f",
              "parentUUID": "4abd52e3-9876-4a86-ae35-0e256f8dc491",
              "isHook": false,
              "skipped": false
            }
          ],
          "suites": [],
          "passes": [
            "a8ba0093-3754-47b9-9bb0-700809dcf11f"
          ],
          "failures": [],
          "pending": [],
          "skipped": [],
          "duration": 7264,
          "root": false,
          "rootEmpty": false,
          "_timeout": 2000
        }
      ],
      "passes": [],
      "failures": [],
      "pending": [],
      "skipped": [],
      "duration": 0,
      "root": true,
      "rootEmpty": true,
      "_timeout": 2000
    },
    {
      "uuid": "d4aeee3a-bbbf-4d43-a200-534e6576bca8",
      "title": "",
      "fullFile": "cypress/e2e/publishArticle.cy.js",
      "file": "cypress/e2e/publishArticle.cy.js",
      "beforeHooks": [],
      "afterHooks": [],
      "tests": [],
      "suites": [
        {
          "uuid": "9786fc60-822d-4ea1-875e-3b71723fc7a2",
          "title": "Publish article tests",
          "fullFile": "",
          "file": "",
          "beforeHooks": [],
          "afterHooks": [],
          "tests": [
            {
              "title": "can publish a new article with valid data",
              "fullTitle": "Publish article tests can publish a new article with valid data",
              "timedOut": null,
              "duration": 13867,
              "state": "passed",
              "speed": "slow",
              "pass": true,
              "fail": false,
              "pending": false,
              "context": null,
              "code": "cy.intercept(\"POST\", `${Cypress.env(\"apiUrl\")}/articles`).as(\"newArticle\");\n_navigation.navigation.addNewArticle();\n_publish.publish.publishNew(_constants.constants.postTitle, _constants.constants.postDescription, _constants.constants.postBody, _constants.constants.postTags);\ncy.wait(\"@newArticle\").then(interception => {\n  expect(interception.response.statusCode).to.eq(200);\n  createdArticleSlug = interception.response.body.article.slug;\n});",
              "err": {},
              "uuid": "74426ec6-6d37-4126-b2ec-b58c7e3e29cb",
              "parentUUID": "9786fc60-822d-4ea1-875e-3b71723fc7a2",
              "isHook": false,
              "skipped": false
            }
          ],
          "suites": [],
          "passes": [
            "74426ec6-6d37-4126-b2ec-b58c7e3e29cb"
          ],
          "failures": [],
          "pending": [],
          "skipped": [],
          "duration": 13867,
          "root": false,
          "rootEmpty": false,
          "_timeout": 2000
        }
      ],
      "passes": [],
      "failures": [],
      "pending": [],
      "skipped": [],
      "duration": 0,
      "root": true,
      "rootEmpty": true,
      "_timeout": 2000
    },
    {
      "uuid": "3a575598-0313-4912-8de3-465c91b0c601",
      "title": "",
      "fullFile": "cypress/e2e/register.cy.js",
      "file": "cypress/e2e/register.cy.js",
      "beforeHooks": [],
      "afterHooks": [],
      "tests": [],
      "suites": [
        {
          "uuid": "a3460dcb-c16d-4e42-92e5-035286aa3238",
          "title": "Register page tests",
          "fullFile": "",
          "file": "",
          "beforeHooks": [],
          "afterHooks": [],
          "tests": [
            {
              "title": "can register with random data",
              "fullTitle": "Register page tests can register with random data",
              "timedOut": null,
              "duration": 4707,
              "state": "passed",
              "speed": "fast",
              "pass": true,
              "fail": false,
              "pending": false,
              "context": null,
              "code": "cy.intercept(\"POST\", `${apiUrl}/users`).as(\"registerRandomData\");\n_registerPage.register.register(_constants.constants.randomUserName, _constants.constants.randomUserEmail, _constants.constants.randomUserPassword);\ncy.wait(\"@registerRandomData\").then(interception => {\n  expect(interception.response.statusCode).to.eq(200);\n  expect(interception.response.body.user.token).to.exist;\n  _navigation.navigation.signUpBtn.should(\"not.exist\");\n});",
              "err": {},
              "uuid": "f40c3243-51b1-4aee-a68c-266d5af048ab",
              "parentUUID": "a3460dcb-c16d-4e42-92e5-035286aa3238",
              "isHook": false,
              "skipped": false
            }
          ],
          "suites": [],
          "passes": [
            "f40c3243-51b1-4aee-a68c-266d5af048ab"
          ],
          "failures": [],
          "pending": [],
          "skipped": [],
          "duration": 4707,
          "root": false,
          "rootEmpty": false,
          "_timeout": 2000
        }
      ],
      "passes": [],
      "failures": [],
      "pending": [],
      "skipped": [],
      "duration": 0,
      "root": true,
      "rootEmpty": true,
      "_timeout": 2000
    },
    {
      "uuid": "273d36b4-2072-4110-8bc9-61ae08f2f40f",
      "title": "",
      "fullFile": "cypress/e2e/userHappyPath.cy.js",
      "file": "cypress/e2e/userHappyPath.cy.js",
      "beforeHooks": [],
      "afterHooks": [],
      "tests": [],
      "suites": [
        {
          "uuid": "e2ad2e87-e39c-4390-89f7-b02201a3b263",
          "title": "Happy path user flow tests",
          "fullFile": "",
          "file": "",
          "beforeHooks": [],
          "afterHooks": [],
          "tests": [
            {
              "title": "can publish a new article with valid data",
              "fullTitle": "Happy path user flow tests can publish a new article with valid data",
              "timedOut": null,
              "duration": 9929,
              "state": "passed",
              "speed": "medium",
              "pass": true,
              "fail": false,
              "pending": false,
              "context": null,
              "code": "cy.intercept(\"POST\", `${apiUrl}/articles`).as(\"newArticle\");\n_navigation.navigation.newArticleBtn.should(\"be.visible\");\n_navigation.navigation.addNewArticle();\n_publish.publish.publishNew(_constants.constants.postTitle, _constants.constants.postDescription, _constants.constants.postBody, _constants.constants.postTags);\ncy.wait(\"@newArticle\").then(interception => {\n  expect(interception.response.statusCode).to.eq(200);\n  createdArticleSlug = interception.response.body.article.slug;\n});",
              "err": {},
              "uuid": "6b8bd25e-f5d0-41ba-aa7c-e8a172fdb152",
              "parentUUID": "e2ad2e87-e39c-4390-89f7-b02201a3b263",
              "isHook": false,
              "skipped": false
            },
            {
              "title": "can edit an article with new description",
              "fullTitle": "Happy path user flow tests can edit an article with new description",
              "timedOut": null,
              "duration": 10953,
              "state": "passed",
              "speed": "slow",
              "pass": true,
              "fail": false,
              "pending": false,
              "context": null,
              "code": "cy.intercept(\"PUT\", `${apiUrl}/articles/*`).as(\"editArticle\");\n_navigation.navigation.gotoUserProfile();\n_feedPage.feedPage.getArticlesList.should(\"be.visible\");\n_feedPage.feedPage.getArticleItem(0);\n_articlePage.articlePage.startEditArticle();\n_publish.publish.editArticleDescription(postDescription);\n_publish.publish.submitArticle();\ncy.wait(\"@editArticle\").then(interception => {\n  expect(interception.response.statusCode).to.eq(200);\n  expect(interception.response.body.article.description).to.eq(postDescription);\n});",
              "err": {},
              "uuid": "191fd724-a90e-4a5c-bc0e-ea50cebaf329",
              "parentUUID": "e2ad2e87-e39c-4390-89f7-b02201a3b263",
              "isHook": false,
              "skipped": false
            },
            {
              "title": "can add a comment to the article",
              "fullTitle": "Happy path user flow tests can add a comment to the article",
              "timedOut": null,
              "duration": 11347,
              "state": "passed",
              "speed": "slow",
              "pass": true,
              "fail": false,
              "pending": false,
              "context": null,
              "code": "cy.intercept(\"POST\", `${apiUrl}/articles/${createdArticleSlug}/comments`).as(\"addComment\");\n_navigation.navigation.gotoUserProfile();\n_feedPage.feedPage.getArticlesList.should(\"be.visible\");\n_feedPage.feedPage.getArticleItem(0);\n_articlePage.articlePage.postComment(_constants.constants.postComment);\ncy.wait(\"@addComment\").then(interception => {\n  expect(interception.response.statusCode).to.eq(200);\n});",
              "err": {},
              "uuid": "62fb2489-469e-4903-926c-55d72ccd3e55",
              "parentUUID": "e2ad2e87-e39c-4390-89f7-b02201a3b263",
              "isHook": false,
              "skipped": false
            },
            {
              "title": "can delete a comment",
              "fullTitle": "Happy path user flow tests can delete a comment",
              "timedOut": null,
              "duration": 9579,
              "state": "passed",
              "speed": "medium",
              "pass": true,
              "fail": false,
              "pending": false,
              "context": null,
              "code": "cy.intercept(\"DELETE\", `${apiUrl}/articles/${createdArticleSlug}/comments/*`).as(\"deleteComment\");\n_navigation.navigation.gotoUserProfile();\n_feedPage.feedPage.getArticlesList.should(\"be.visible\");\n_feedPage.feedPage.getArticleItem(0);\n_articlePage.articlePage.deleteComment();\ncy.wait(\"@deleteComment\").then(interception => {\n  expect(interception.response.statusCode).to.eq(200);\n});",
              "err": {},
              "uuid": "f383efe9-feed-45ba-aa2f-69c70773e733",
              "parentUUID": "e2ad2e87-e39c-4390-89f7-b02201a3b263",
              "isHook": false,
              "skipped": false
            },
            {
              "title": "can delete an article",
              "fullTitle": "Happy path user flow tests can delete an article",
              "timedOut": null,
              "duration": 9808,
              "state": "passed",
              "speed": "medium",
              "pass": true,
              "fail": false,
              "pending": false,
              "context": null,
              "code": "cy.intercept(\"DELETE\", `${apiUrl}/articles/${createdArticleSlug}`).as(\"deleteArticle\");\n_navigation.navigation.gotoUserProfile();\n_feedPage.feedPage.getArticlesList.should(\"be.visible\");\n_feedPage.feedPage.getArticleItem(0);\n_articlePage.articlePage.deleteArticle();\ncy.wait(\"@deleteArticle\").then(interception => {\n  expect(interception.response.statusCode).to.eq(204);\n});",
              "err": {},
              "uuid": "35dc7021-0fb9-4b01-b050-1b15fbaf8110",
              "parentUUID": "e2ad2e87-e39c-4390-89f7-b02201a3b263",
              "isHook": false,
              "skipped": false
            },
            {
              "title": "can logout",
              "fullTitle": "Happy path user flow tests can logout",
              "timedOut": null,
              "duration": 6760,
              "state": "passed",
              "speed": "medium",
              "pass": true,
              "fail": false,
              "pending": false,
              "context": null,
              "code": "cy.intercept(\"GET\", `${apiUrl}/*`).as(\"logoutData\");\n_navigation.navigation.gotoUserProfile();\n_feedPage.feedPage.editProfile();\n_profilePage.profilePage.logout();\ncy.wait(\"@logoutData\").then(interception => {\n  expect(interception.response.statusCode).to.eq(200);\n  _navigation.navigation.signInBtn.should(\"exist\");\n  _navigation.navigation.userProfileBtn.should(\"not.exist\");\n});",
              "err": {},
              "uuid": "88beb06c-361d-48a7-aa00-7bd462b5b45d",
              "parentUUID": "e2ad2e87-e39c-4390-89f7-b02201a3b263",
              "isHook": false,
              "skipped": false
            }
          ],
          "suites": [],
          "passes": [
            "6b8bd25e-f5d0-41ba-aa7c-e8a172fdb152",
            "191fd724-a90e-4a5c-bc0e-ea50cebaf329",
            "62fb2489-469e-4903-926c-55d72ccd3e55",
            "f383efe9-feed-45ba-aa2f-69c70773e733",
            "35dc7021-0fb9-4b01-b050-1b15fbaf8110",
            "88beb06c-361d-48a7-aa00-7bd462b5b45d"
          ],
          "failures": [],
          "pending": [],
          "skipped": [],
          "duration": 58376,
          "root": false,
          "rootEmpty": false,
          "_timeout": 2000
        }
      ],
      "passes": [],
      "failures": [],
      "pending": [],
      "skipped": [],
      "duration": 0,
      "root": true,
      "rootEmpty": true,
      "_timeout": 2000
    },
    {
      "uuid": "b115118e-f532-422b-9194-09649234db7b",
      "title": "",
      "fullFile": "cypress/e2e/addComment.cy.js",
      "file": "cypress/e2e/addComment.cy.js",
      "beforeHooks": [],
      "afterHooks": [],
      "tests": [],
      "suites": [
        {
          "uuid": "a4fba991-823d-4e65-bd90-9dc9f33270d0",
          "title": "Publish article tests",
          "fullFile": "",
          "file": "",
          "beforeHooks": [],
          "afterHooks": [],
          "tests": [
            {
              "title": "can add a comment to the article",
              "fullTitle": "Publish article tests can add a comment to the article",
              "timedOut": null,
              "duration": 18758,
              "state": "passed",
              "speed": "slow",
              "pass": true,
              "fail": false,
              "pending": false,
              "context": null,
              "code": "cy.intercept(\"POST\", `${Cypress.env(\"apiUrl\")}/articles/${createdArticleSlug}/comments`).as(\"addComment\");\n_navigation.navigation.gotoUserProfile();\n_feedPage.feedPage.getArticlesList.should(\"be.visible\");\n_feedPage.feedPage.getArticleItem(0);\n_articlePage.articlePage.postComment(comment);\ncy.wait(\"@addComment\").then(interception => {\n  expect(interception.response.statusCode).to.eq(200);\n  expect(interception.response.body.comment.body).contains(comment);\n});",
              "err": {},
              "uuid": "c0705e99-7d2c-4641-afe5-307af8b0c264",
              "parentUUID": "a4fba991-823d-4e65-bd90-9dc9f33270d0",
              "isHook": false,
              "skipped": false
            }
          ],
          "suites": [],
          "passes": [
            "c0705e99-7d2c-4641-afe5-307af8b0c264"
          ],
          "failures": [],
          "pending": [],
          "skipped": [],
          "duration": 18758,
          "root": false,
          "rootEmpty": false,
          "_timeout": 2000
        }
      ],
      "passes": [],
      "failures": [],
      "pending": [],
      "skipped": [],
      "duration": 0,
      "root": true,
      "rootEmpty": true,
      "_timeout": 2000
    }
  ],
  "meta": {
    "mocha": {
      "version": "7.0.1"
    },
    "mochawesome": {
      "options": {
        "quiet": false,
        "reportFilename": "mochawesome",
        "saveHtml": false,
        "saveJson": true,
        "consoleReporter": "spec",
        "useInlineDiffs": false,
        "code": true
      },
      "version": "7.1.3"
    },
    "marge": {
      "options": {
        "reportDir": "cypress/results/mochawesome",
        "overwrite": false,
        "html": false,
        "json": true
      },
      "version": "6.2.0"
    }
  }
}