{
  "stats": {
    "suites": 1,
    "tests": 1,
    "passes": 1,
    "pending": 0,
    "failures": 0,
    "start": "2023-03-20T12:46:33.289Z",
    "end": "2023-03-20T12:46:40.805Z",
    "duration": 7516,
    "testsRegistered": 1,
    "passPercent": 100,
    "pendingPercent": 0,
    "other": 0,
    "hasOther": false,
    "skipped": 0,
    "hasSkipped": false
  },
  "results": [
    {
      "uuid": "d1fc2c08-8ee9-4d4f-9a58-0294cc40a7f4",
      "title": "",
      "fullFile": "cypress/e2e/logout.cy.js",
      "file": "cypress/e2e/logout.cy.js",
      "beforeHooks": [],
      "afterHooks": [],
      "tests": [],
      "suites": [
        {
          "uuid": "4abd52e3-9876-4a86-ae35-0e256f8dc491",
          "title": "Publish article tests",
          "fullFile": "",
          "file": "",
          "beforeHooks": [],
          "afterHooks": [],
          "tests": [
            {
              "title": "can logout",
              "fullTitle": "Publish article tests can logout",
              "timedOut": null,
              "duration": 7264,
              "state": "passed",
              "speed": "medium",
              "pass": true,
              "fail": false,
              "pending": false,
              "context": null,
              "code": "cy.intercept(\"GET\", `${Cypress.env(\"apiUrl\")}/*`).as(\"logoutData\");\n_navigation.navigation.gotoUserProfile();\n_feedPage.feedPage.editProfile();\n_profilePage.profilePage.logout();\ncy.wait(\"@logoutData\").then(interception => {\n  expect(interception.response.statusCode).to.eq(200);\n  _navigation.navigation.signInBtn.should(\"exist\");\n  _navigation.navigation.userProfileBtn.should(\"not.exist\");\n});",
              "err": {},
              "uuid": "a8ba0093-3754-47b9-9bb0-700809dcf11f",
              "parentUUID": "4abd52e3-9876-4a86-ae35-0e256f8dc491",
              "isHook": false,
              "skipped": false
            }
          ],
          "suites": [],
          "passes": [
            "a8ba0093-3754-47b9-9bb0-700809dcf11f"
          ],
          "failures": [],
          "pending": [],
          "skipped": [],
          "duration": 7264,
          "root": false,
          "rootEmpty": false,
          "_timeout": 2000
        }
      ],
      "passes": [],
      "failures": [],
      "pending": [],
      "skipped": [],
      "duration": 0,
      "root": true,
      "rootEmpty": true,
      "_timeout": 2000
    }
  ],
  "meta": {
    "mocha": {
      "version": "7.0.1"
    },
    "mochawesome": {
      "options": {
        "quiet": false,
        "reportFilename": "mochawesome",
        "saveHtml": false,
        "saveJson": true,
        "consoleReporter": "spec",
        "useInlineDiffs": false,
        "code": true
      },
      "version": "7.1.3"
    },
    "marge": {
      "options": {
        "reportDir": "cypress/results/mochawesome",
        "overwrite": false,
        "html": false,
        "json": true
      },
      "version": "6.2.0"
    }
  }
}