{
  "stats": {
    "suites": 1,
    "tests": 6,
    "passes": 6,
    "pending": 0,
    "failures": 0,
    "start": "2023-03-20T12:47:31.768Z",
    "end": "2023-03-20T12:48:30.580Z",
    "duration": 58812,
    "testsRegistered": 6,
    "passPercent": 100,
    "pendingPercent": 0,
    "other": 0,
    "hasOther": false,
    "skipped": 0,
    "hasSkipped": false
  },
  "results": [
    {
      "uuid": "273d36b4-2072-4110-8bc9-61ae08f2f40f",
      "title": "",
      "fullFile": "cypress/e2e/userHappyPath.cy.js",
      "file": "cypress/e2e/userHappyPath.cy.js",
      "beforeHooks": [],
      "afterHooks": [],
      "tests": [],
      "suites": [
        {
          "uuid": "e2ad2e87-e39c-4390-89f7-b02201a3b263",
          "title": "Happy path user flow tests",
          "fullFile": "",
          "file": "",
          "beforeHooks": [],
          "afterHooks": [],
          "tests": [
            {
              "title": "can publish a new article with valid data",
              "fullTitle": "Happy path user flow tests can publish a new article with valid data",
              "timedOut": null,
              "duration": 9929,
              "state": "passed",
              "speed": "medium",
              "pass": true,
              "fail": false,
              "pending": false,
              "context": null,
              "code": "cy.intercept(\"POST\", `${apiUrl}/articles`).as(\"newArticle\");\n_navigation.navigation.newArticleBtn.should(\"be.visible\");\n_navigation.navigation.addNewArticle();\n_publish.publish.publishNew(_constants.constants.postTitle, _constants.constants.postDescription, _constants.constants.postBody, _constants.constants.postTags);\ncy.wait(\"@newArticle\").then(interception => {\n  expect(interception.response.statusCode).to.eq(200);\n  createdArticleSlug = interception.response.body.article.slug;\n});",
              "err": {},
              "uuid": "6b8bd25e-f5d0-41ba-aa7c-e8a172fdb152",
              "parentUUID": "e2ad2e87-e39c-4390-89f7-b02201a3b263",
              "isHook": false,
              "skipped": false
            },
            {
              "title": "can edit an article with new description",
              "fullTitle": "Happy path user flow tests can edit an article with new description",
              "timedOut": null,
              "duration": 10953,
              "state": "passed",
              "speed": "slow",
              "pass": true,
              "fail": false,
              "pending": false,
              "context": null,
              "code": "cy.intercept(\"PUT\", `${apiUrl}/articles/*`).as(\"editArticle\");\n_navigation.navigation.gotoUserProfile();\n_feedPage.feedPage.getArticlesList.should(\"be.visible\");\n_feedPage.feedPage.getArticleItem(0);\n_articlePage.articlePage.startEditArticle();\n_publish.publish.editArticleDescription(postDescription);\n_publish.publish.submitArticle();\ncy.wait(\"@editArticle\").then(interception => {\n  expect(interception.response.statusCode).to.eq(200);\n  expect(interception.response.body.article.description).to.eq(postDescription);\n});",
              "err": {},
              "uuid": "191fd724-a90e-4a5c-bc0e-ea50cebaf329",
              "parentUUID": "e2ad2e87-e39c-4390-89f7-b02201a3b263",
              "isHook": false,
              "skipped": false
            },
            {
              "title": "can add a comment to the article",
              "fullTitle": "Happy path user flow tests can add a comment to the article",
              "timedOut": null,
              "duration": 11347,
              "state": "passed",
              "speed": "slow",
              "pass": true,
              "fail": false,
              "pending": false,
              "context": null,
              "code": "cy.intercept(\"POST\", `${apiUrl}/articles/${createdArticleSlug}/comments`).as(\"addComment\");\n_navigation.navigation.gotoUserProfile();\n_feedPage.feedPage.getArticlesList.should(\"be.visible\");\n_feedPage.feedPage.getArticleItem(0);\n_articlePage.articlePage.postComment(_constants.constants.postComment);\ncy.wait(\"@addComment\").then(interception => {\n  expect(interception.response.statusCode).to.eq(200);\n});",
              "err": {},
              "uuid": "62fb2489-469e-4903-926c-55d72ccd3e55",
              "parentUUID": "e2ad2e87-e39c-4390-89f7-b02201a3b263",
              "isHook": false,
              "skipped": false
            },
            {
              "title": "can delete a comment",
              "fullTitle": "Happy path user flow tests can delete a comment",
              "timedOut": null,
              "duration": 9579,
              "state": "passed",
              "speed": "medium",
              "pass": true,
              "fail": false,
              "pending": false,
              "context": null,
              "code": "cy.intercept(\"DELETE\", `${apiUrl}/articles/${createdArticleSlug}/comments/*`).as(\"deleteComment\");\n_navigation.navigation.gotoUserProfile();\n_feedPage.feedPage.getArticlesList.should(\"be.visible\");\n_feedPage.feedPage.getArticleItem(0);\n_articlePage.articlePage.deleteComment();\ncy.wait(\"@deleteComment\").then(interception => {\n  expect(interception.response.statusCode).to.eq(200);\n});",
              "err": {},
              "uuid": "f383efe9-feed-45ba-aa2f-69c70773e733",
              "parentUUID": "e2ad2e87-e39c-4390-89f7-b02201a3b263",
              "isHook": false,
              "skipped": false
            },
            {
              "title": "can delete an article",
              "fullTitle": "Happy path user flow tests can delete an article",
              "timedOut": null,
              "duration": 9808,
              "state": "passed",
              "speed": "medium",
              "pass": true,
              "fail": false,
              "pending": false,
              "context": null,
              "code": "cy.intercept(\"DELETE\", `${apiUrl}/articles/${createdArticleSlug}`).as(\"deleteArticle\");\n_navigation.navigation.gotoUserProfile();\n_feedPage.feedPage.getArticlesList.should(\"be.visible\");\n_feedPage.feedPage.getArticleItem(0);\n_articlePage.articlePage.deleteArticle();\ncy.wait(\"@deleteArticle\").then(interception => {\n  expect(interception.response.statusCode).to.eq(204);\n});",
              "err": {},
              "uuid": "35dc7021-0fb9-4b01-b050-1b15fbaf8110",
              "parentUUID": "e2ad2e87-e39c-4390-89f7-b02201a3b263",
              "isHook": false,
              "skipped": false
            },
            {
              "title": "can logout",
              "fullTitle": "Happy path user flow tests can logout",
              "timedOut": null,
              "duration": 6760,
              "state": "passed",
              "speed": "medium",
              "pass": true,
              "fail": false,
              "pending": false,
              "context": null,
              "code": "cy.intercept(\"GET\", `${apiUrl}/*`).as(\"logoutData\");\n_navigation.navigation.gotoUserProfile();\n_feedPage.feedPage.editProfile();\n_profilePage.profilePage.logout();\ncy.wait(\"@logoutData\").then(interception => {\n  expect(interception.response.statusCode).to.eq(200);\n  _navigation.navigation.signInBtn.should(\"exist\");\n  _navigation.navigation.userProfileBtn.should(\"not.exist\");\n});",
              "err": {},
              "uuid": "88beb06c-361d-48a7-aa00-7bd462b5b45d",
              "parentUUID": "e2ad2e87-e39c-4390-89f7-b02201a3b263",
              "isHook": false,
              "skipped": false
            }
          ],
          "suites": [],
          "passes": [
            "6b8bd25e-f5d0-41ba-aa7c-e8a172fdb152",
            "191fd724-a90e-4a5c-bc0e-ea50cebaf329",
            "62fb2489-469e-4903-926c-55d72ccd3e55",
            "f383efe9-feed-45ba-aa2f-69c70773e733",
            "35dc7021-0fb9-4b01-b050-1b15fbaf8110",
            "88beb06c-361d-48a7-aa00-7bd462b5b45d"
          ],
          "failures": [],
          "pending": [],
          "skipped": [],
          "duration": 58376,
          "root": false,
          "rootEmpty": false,
          "_timeout": 2000
        }
      ],
      "passes": [],
      "failures": [],
      "pending": [],
      "skipped": [],
      "duration": 0,
      "root": true,
      "rootEmpty": true,
      "_timeout": 2000
    }
  ],
  "meta": {
    "mocha": {
      "version": "7.0.1"
    },
    "mochawesome": {
      "options": {
        "quiet": false,
        "reportFilename": "mochawesome",
        "saveHtml": false,
        "saveJson": true,
        "consoleReporter": "spec",
        "useInlineDiffs": false,
        "code": true
      },
      "version": "7.1.3"
    },
    "marge": {
      "options": {
        "reportDir": "cypress/results/mochawesome",
        "overwrite": false,
        "html": false,
        "json": true
      },
      "version": "6.2.0"
    }
  }
}