{
  "stats": {
    "suites": 1,
    "tests": 1,
    "passes": 1,
    "pending": 0,
    "failures": 0,
    "start": "2023-03-20T12:44:45.351Z",
    "end": "2023-03-20T12:44:59.907Z",
    "duration": 14556,
    "testsRegistered": 1,
    "passPercent": 100,
    "pendingPercent": 0,
    "other": 0,
    "hasOther": false,
    "skipped": 0,
    "hasSkipped": false
  },
  "results": [
    {
      "uuid": "e8425de4-9e69-4244-9a72-0c27a27ed5db",
      "title": "",
      "fullFile": "cypress/e2e/deleteArticle.cy.js",
      "file": "cypress/e2e/deleteArticle.cy.js",
      "beforeHooks": [],
      "afterHooks": [],
      "tests": [],
      "suites": [
        {
          "uuid": "1f8926e3-24a6-4239-b7e8-e9431c9e3168",
          "title": "Publish article tests",
          "fullFile": "",
          "file": "",
          "beforeHooks": [],
          "afterHooks": [],
          "tests": [
            {
              "title": "can delete an article",
              "fullTitle": "Publish article tests can delete an article",
              "timedOut": null,
              "duration": 14303,
              "state": "passed",
              "speed": "slow",
              "pass": true,
              "fail": false,
              "pending": false,
              "context": null,
              "code": "cy.intercept(\"DELETE\", `${Cypress.env(\"apiUrl\")}/articles/${createdArticleSlug}`).as(\"deleteArticle\");\n_navigation.navigation.gotoUserProfile();\n_feedPage.feedPage.getArticlesList.should(\"be.visible\");\n_feedPage.feedPage.getArticleItem(0).click();\n_articlePage.articlePage.deleteArticle();\ncy.wait(\"@deleteArticle\").then(interception => {\n  expect(interception.response.statusCode).to.eq(204);\n});",
              "err": {},
              "uuid": "304b55f6-a814-4cd3-96b8-64b8dd238d26",
              "parentUUID": "1f8926e3-24a6-4239-b7e8-e9431c9e3168",
              "isHook": false,
              "skipped": false
            }
          ],
          "suites": [],
          "passes": [
            "304b55f6-a814-4cd3-96b8-64b8dd238d26"
          ],
          "failures": [],
          "pending": [],
          "skipped": [],
          "duration": 14303,
          "root": false,
          "rootEmpty": false,
          "_timeout": 2000
        }
      ],
      "passes": [],
      "failures": [],
      "pending": [],
      "skipped": [],
      "duration": 0,
      "root": true,
      "rootEmpty": true,
      "_timeout": 2000
    }
  ],
  "meta": {
    "mocha": {
      "version": "7.0.1"
    },
    "mochawesome": {
      "options": {
        "quiet": false,
        "reportFilename": "mochawesome",
        "saveHtml": false,
        "saveJson": true,
        "consoleReporter": "spec",
        "useInlineDiffs": false,
        "code": true
      },
      "version": "7.1.3"
    },
    "marge": {
      "options": {
        "reportDir": "cypress/results/mochawesome",
        "overwrite": false,
        "html": false,
        "json": true
      },
      "version": "6.2.0"
    }
  }
}