{
  "stats": {
    "suites": 1,
    "tests": 2,
    "passes": 2,
    "pending": 0,
    "failures": 0,
    "start": "2023-03-20T12:44:05.585Z",
    "end": "2023-03-20T12:44:31.757Z",
    "duration": 26172,
    "testsRegistered": 2,
    "passPercent": 100,
    "pendingPercent": 0,
    "other": 0,
    "hasOther": false,
    "skipped": 0,
    "hasSkipped": false
  },
  "results": [
    {
      "uuid": "581971c7-ac82-4507-a366-7196cec7b052",
      "title": "",
      "fullFile": "cypress/e2e/comments.cy.js",
      "file": "cypress/e2e/comments.cy.js",
      "beforeHooks": [],
      "afterHooks": [],
      "tests": [],
      "suites": [
        {
          "uuid": "eae79f29-6f6f-48c5-a7d7-e0338a6b37fd",
          "title": "Comments tests",
          "fullFile": "",
          "file": "",
          "beforeHooks": [],
          "afterHooks": [],
          "tests": [
            {
              "title": "can add a comment to the article",
              "fullTitle": "Comments tests can add a comment to the article",
              "timedOut": null,
              "duration": 16551,
              "state": "passed",
              "speed": "slow",
              "pass": true,
              "fail": false,
              "pending": false,
              "context": null,
              "code": "cy.intercept(\"POST\", `${Cypress.env(\"apiUrl\")}/articles/${createdArticleSlug}/comments`).as(\"addComment\");\n_navigation.navigation.gotoUserProfile();\n_feedPage.feedPage.getArticlesList.should(\"be.visible\");\n_feedPage.feedPage.getArticleItem(0);\n_articlePage.articlePage.postComment(_constants.constants.postComment);\ncy.wait(\"@addComment\").then(interception => {\n  expect(interception.response.statusCode).to.eq(200);\n});",
              "err": {},
              "uuid": "564f5559-1949-4480-814c-5ade8db18085",
              "parentUUID": "eae79f29-6f6f-48c5-a7d7-e0338a6b37fd",
              "isHook": false,
              "skipped": false
            },
            {
              "title": "can delete a comment",
              "fullTitle": "Comments tests can delete a comment",
              "timedOut": null,
              "duration": 9204,
              "state": "passed",
              "speed": "medium",
              "pass": true,
              "fail": false,
              "pending": false,
              "context": null,
              "code": "cy.loginViaUi();\ncy.intercept(\"DELETE\", `${Cypress.env(\"apiUrl\")}/articles/${createdArticleSlug}/comments/*`).as(\"deleteComment\");\n_navigation.navigation.gotoUserProfile();\n_feedPage.feedPage.getArticlesList.should(\"be.visible\");\n_feedPage.feedPage.getArticleItem(0);\n_articlePage.articlePage.deleteComment();\ncy.wait(\"@deleteComment\").then(interception => {\n  expect(interception.response.statusCode).to.eq(200);\n});",
              "err": {},
              "uuid": "198e3a6b-0b24-43d5-81df-3c5dd2ddec85",
              "parentUUID": "eae79f29-6f6f-48c5-a7d7-e0338a6b37fd",
              "isHook": false,
              "skipped": false
            }
          ],
          "suites": [],
          "passes": [
            "564f5559-1949-4480-814c-5ade8db18085",
            "198e3a6b-0b24-43d5-81df-3c5dd2ddec85"
          ],
          "failures": [],
          "pending": [],
          "skipped": [],
          "duration": 25755,
          "root": false,
          "rootEmpty": false,
          "_timeout": 2000
        }
      ],
      "passes": [],
      "failures": [],
      "pending": [],
      "skipped": [],
      "duration": 0,
      "root": true,
      "rootEmpty": true,
      "_timeout": 2000
    }
  ],
  "meta": {
    "mocha": {
      "version": "7.0.1"
    },
    "mochawesome": {
      "options": {
        "quiet": false,
        "reportFilename": "mochawesome",
        "saveHtml": false,
        "saveJson": true,
        "consoleReporter": "spec",
        "useInlineDiffs": false,
        "code": true
      },
      "version": "7.1.3"
    },
    "marge": {
      "options": {
        "reportDir": "cypress/results/mochawesome",
        "overwrite": false,
        "html": false,
        "json": true
      },
      "version": "6.2.0"
    }
  }
}